This is pdfTeX, Version 3.14159265-2.6-1.40.18 (TeX Live 2017/Debian) (preloaded format=pdflatex 2019.3.31)  2 DEC 2019 15:45
entering extended mode
 restricted \write18 enabled.
 %&-line parsing enabled.
**EsercitazioniSistemi.tex
(./EsercitazioniSistemi.tex
LaTeX2e <2017-04-15>
Babel <3.18> and hyphenation patterns for 5 language(s) loaded.
(/usr/share/texlive/texmf-dist/tex/latex/base/article.cls
Document Class: article 2014/09/29 v1.4h Standard LaTeX document class
(/usr/share/texlive/texmf-dist/tex/latex/base/size12.clo
File: size12.clo 2014/09/29 v1.4h Standard LaTeX file (size option)
)
\c@part=\count79
\c@section=\count80
\c@subsection=\count81
\c@subsubsection=\count82
\c@paragraph=\count83
\c@subparagraph=\count84
\c@figure=\count85
\c@table=\count86
\abovecaptionskip=\skip41
\belowcaptionskip=\skip42
\bibindent=\dimen102
)
(/usr/share/texlive/texmf-dist/tex/latex/base/fontenc.sty
Package: fontenc 2017/04/05 v2.0i Standard LaTeX package

(/usr/share/texlive/texmf-dist/tex/latex/base/t1enc.def
File: t1enc.def 2017/04/05 v2.0i Standard LaTeX file
LaTeX Font Info:    Redeclaring font encoding T1 on input line 48.
))
(/usr/share/texlive/texmf-dist/tex/latex/base/inputenc.sty
Package: inputenc 2015/03/17 v1.2c Input encoding file
\inpenc@prehook=\toks14
\inpenc@posthook=\toks15

(/usr/share/texlive/texmf-dist/tex/latex/base/utf8.def
File: utf8.def 2017/01/28 v1.1t UTF-8 support for inputenc
Now handling font encoding OML ...
... no UTF-8 mapping file for font encoding OML
Now handling font encoding T1 ...
... processing UTF-8 mapping file for font encoding T1

(/usr/share/texlive/texmf-dist/tex/latex/base/t1enc.dfu
File: t1enc.dfu 2017/01/28 v1.1t UTF-8 support for inputenc
   defining Unicode char U+00A0 (decimal 160)
   defining Unicode char U+00A1 (decimal 161)
   defining Unicode char U+00A3 (decimal 163)
   defining Unicode char U+00AB (decimal 171)
   defining Unicode char U+00AD (decimal 173)
   defining Unicode char U+00BB (decimal 187)
   defining Unicode char U+00BF (decimal 191)
   defining Unicode char U+00C0 (decimal 192)
   defining Unicode char U+00C1 (decimal 193)
   defining Unicode char U+00C2 (decimal 194)
   defining Unicode char U+00C3 (decimal 195)
   defining Unicode char U+00C4 (decimal 196)
   defining Unicode char U+00C5 (decimal 197)
   defining Unicode char U+00C6 (decimal 198)
   defining Unicode char U+00C7 (decimal 199)
   defining Unicode char U+00C8 (decimal 200)
   defining Unicode char U+00C9 (decimal 201)
   defining Unicode char U+00CA (decimal 202)
   defining Unicode char U+00CB (decimal 203)
   defining Unicode char U+00CC (decimal 204)
   defining Unicode char U+00CD (decimal 205)
   defining Unicode char U+00CE (decimal 206)
   defining Unicode char U+00CF (decimal 207)
   defining Unicode char U+00D0 (decimal 208)
   defining Unicode char U+00D1 (decimal 209)
   defining Unicode char U+00D2 (decimal 210)
   defining Unicode char U+00D3 (decimal 211)
   defining Unicode char U+00D4 (decimal 212)
   defining Unicode char U+00D5 (decimal 213)
   defining Unicode char U+00D6 (decimal 214)
   defining Unicode char U+00D8 (decimal 216)
   defining Unicode char U+00D9 (decimal 217)
   defining Unicode char U+00DA (decimal 218)
   defining Unicode char U+00DB (decimal 219)
   defining Unicode char U+00DC (decimal 220)
   defining Unicode char U+00DD (decimal 221)
   defining Unicode char U+00DE (decimal 222)
   defining Unicode char U+00DF (decimal 223)
   defining Unicode char U+00E0 (decimal 224)
   defining Unicode char U+00E1 (decimal 225)
   defining Unicode char U+00E2 (decimal 226)
   defining Unicode char U+00E3 (decimal 227)
   defining Unicode char U+00E4 (decimal 228)
   defining Unicode char U+00E5 (decimal 229)
   defining Unicode char U+00E6 (decimal 230)
   defining Unicode char U+00E7 (decimal 231)
   defining Unicode char U+00E8 (decimal 232)
   defining Unicode char U+00E9 (decimal 233)
   defining Unicode char U+00EA (decimal 234)
   defining Unicode char U+00EB (decimal 235)
   defining Unicode char U+00EC (decimal 236)
   defining Unicode char U+00ED (decimal 237)
   defining Unicode char U+00EE (decimal 238)
   defining Unicode char U+00EF (decimal 239)
   defining Unicode char U+00F0 (decimal 240)
   defining Unicode char U+00F1 (decimal 241)
   defining Unicode char U+00F2 (decimal 242)
   defining Unicode char U+00F3 (decimal 243)
   defining Unicode char U+00F4 (decimal 244)
   defining Unicode char U+00F5 (decimal 245)
   defining Unicode char U+00F6 (decimal 246)
   defining Unicode char U+00F8 (decimal 248)
   defining Unicode char U+00F9 (decimal 249)
   defining Unicode char U+00FA (decimal 250)
   defining Unicode char U+00FB (decimal 251)
   defining Unicode char U+00FC (decimal 252)
   defining Unicode char U+00FD (decimal 253)
   defining Unicode char U+00FE (decimal 254)
   defining Unicode char U+00FF (decimal 255)
   defining Unicode char U+0100 (decimal 256)
   defining Unicode char U+0101 (decimal 257)
   defining Unicode char U+0102 (decimal 258)
   defining Unicode char U+0103 (decimal 259)
   defining Unicode char U+0104 (decimal 260)
   defining Unicode char U+0105 (decimal 261)
   defining Unicode char U+0106 (decimal 262)
   defining Unicode char U+0107 (decimal 263)
   defining Unicode char U+0108 (decimal 264)
   defining Unicode char U+0109 (decimal 265)
   defining Unicode char U+010A (decimal 266)
   defining Unicode char U+010B (decimal 267)
   defining Unicode char U+010C (decimal 268)
   defining Unicode char U+010D (decimal 269)
   defining Unicode char U+010E (decimal 270)
   defining Unicode char U+010F (decimal 271)
   defining Unicode char U+0110 (decimal 272)
   defining Unicode char U+0111 (decimal 273)
   defining Unicode char U+0112 (decimal 274)
   defining Unicode char U+0113 (decimal 275)
   defining Unicode char U+0114 (decimal 276)
   defining Unicode char U+0115 (decimal 277)
   defining Unicode char U+0116 (decimal 278)
   defining Unicode char U+0117 (decimal 279)
   defining Unicode char U+0118 (decimal 280)
   defining Unicode char U+0119 (decimal 281)
   defining Unicode char U+011A (decimal 282)
   defining Unicode char U+011B (decimal 283)
   defining Unicode char U+011C (decimal 284)
   defining Unicode char U+011D (decimal 285)
   defining Unicode char U+011E (decimal 286)
   defining Unicode char U+011F (decimal 287)
   defining Unicode char U+0120 (decimal 288)
   defining Unicode char U+0121 (decimal 289)
   defining Unicode char U+0122 (decimal 290)
   defining Unicode char U+0123 (decimal 291)
   defining Unicode char U+0124 (decimal 292)
   defining Unicode char U+0125 (decimal 293)
   defining Unicode char U+0128 (decimal 296)
   defining Unicode char U+0129 (decimal 297)
   defining Unicode char U+012A (decimal 298)
   defining Unicode char U+012B (decimal 299)
   defining Unicode char U+012C (decimal 300)
   defining Unicode char U+012D (decimal 301)
   defining Unicode char U+012E (decimal 302)
   defining Unicode char U+012F (decimal 303)
   defining Unicode char U+0130 (decimal 304)
   defining Unicode char U+0131 (decimal 305)
   defining Unicode char U+0132 (decimal 306)
   defining Unicode char U+0133 (decimal 307)
   defining Unicode char U+0134 (decimal 308)
   defining Unicode char U+0135 (decimal 309)
   defining Unicode char U+0136 (decimal 310)
   defining Unicode char U+0137 (decimal 311)
   defining Unicode char U+0139 (decimal 313)
   defining Unicode char U+013A (decimal 314)
   defining Unicode char U+013B (decimal 315)
   defining Unicode char U+013C (decimal 316)
   defining Unicode char U+013D (decimal 317)
   defining Unicode char U+013E (decimal 318)
   defining Unicode char U+0141 (decimal 321)
   defining Unicode char U+0142 (decimal 322)
   defining Unicode char U+0143 (decimal 323)
   defining Unicode char U+0144 (decimal 324)
   defining Unicode char U+0145 (decimal 325)
   defining Unicode char U+0146 (decimal 326)
   defining Unicode char U+0147 (decimal 327)
   defining Unicode char U+0148 (decimal 328)
   defining Unicode char U+014A (decimal 330)
   defining Unicode char U+014B (decimal 331)
   defining Unicode char U+014C (decimal 332)
   defining Unicode char U+014D (decimal 333)
   defining Unicode char U+014E (decimal 334)
   defining Unicode char U+014F (decimal 335)
   defining Unicode char U+0150 (decimal 336)
   defining Unicode char U+0151 (decimal 337)
   defining Unicode char U+0152 (decimal 338)
   defining Unicode char U+0153 (decimal 339)
   defining Unicode char U+0154 (decimal 340)
   defining Unicode char U+0155 (decimal 341)
   defining Unicode char U+0156 (decimal 342)
   defining Unicode char U+0157 (decimal 343)
   defining Unicode char U+0158 (decimal 344)
   defining Unicode char U+0159 (decimal 345)
   defining Unicode char U+015A (decimal 346)
   defining Unicode char U+015B (decimal 347)
   defining Unicode char U+015C (decimal 348)
   defining Unicode char U+015D (decimal 349)
   defining Unicode char U+015E (decimal 350)
   defining Unicode char U+015F (decimal 351)
   defining Unicode char U+0160 (decimal 352)
   defining Unicode char U+0161 (decimal 353)
   defining Unicode char U+0162 (decimal 354)
   defining Unicode char U+0163 (decimal 355)
   defining Unicode char U+0164 (decimal 356)
   defining Unicode char U+0165 (decimal 357)
   defining Unicode char U+0168 (decimal 360)
   defining Unicode char U+0169 (decimal 361)
   defining Unicode char U+016A (decimal 362)
   defining Unicode char U+016B (decimal 363)
   defining Unicode char U+016C (decimal 364)
   defining Unicode char U+016D (decimal 365)
   defining Unicode char U+016E (decimal 366)
   defining Unicode char U+016F (decimal 367)
   defining Unicode char U+0170 (decimal 368)
   defining Unicode char U+0171 (decimal 369)
   defining Unicode char U+0172 (decimal 370)
   defining Unicode char U+0173 (decimal 371)
   defining Unicode char U+0174 (decimal 372)
   defining Unicode char U+0175 (decimal 373)
   defining Unicode char U+0176 (decimal 374)
   defining Unicode char U+0177 (decimal 375)
   defining Unicode char U+0178 (decimal 376)
   defining Unicode char U+0179 (decimal 377)
   defining Unicode char U+017A (decimal 378)
   defining Unicode char U+017B (decimal 379)
   defining Unicode char U+017C (decimal 380)
   defining Unicode char U+017D (decimal 381)
   defining Unicode char U+017E (decimal 382)
   defining Unicode char U+01CD (decimal 461)
   defining Unicode char U+01CE (decimal 462)
   defining Unicode char U+01CF (decimal 463)
   defining Unicode char U+01D0 (decimal 464)
   defining Unicode char U+01D1 (decimal 465)
   defining Unicode char U+01D2 (decimal 466)
   defining Unicode char U+01D3 (decimal 467)
   defining Unicode char U+01D4 (decimal 468)
   defining Unicode char U+01E2 (decimal 482)
   defining Unicode char U+01E3 (decimal 483)
   defining Unicode char U+01E6 (decimal 486)
   defining Unicode char U+01E7 (decimal 487)
   defining Unicode char U+01E8 (decimal 488)
   defining Unicode char U+01E9 (decimal 489)
   defining Unicode char U+01EA (decimal 490)
   defining Unicode char U+01EB (decimal 491)
   defining Unicode char U+01F0 (decimal 496)
   defining Unicode char U+01F4 (decimal 500)
   defining Unicode char U+01F5 (decimal 501)
   defining Unicode char U+0218 (decimal 536)
   defining Unicode char U+0219 (decimal 537)
   defining Unicode char U+021A (decimal 538)
   defining Unicode char U+021B (decimal 539)
   defining Unicode char U+0232 (decimal 562)
   defining Unicode char U+0233 (decimal 563)
   defining Unicode char U+1E02 (decimal 7682)
   defining Unicode char U+1E03 (decimal 7683)
   defining Unicode char U+200C (decimal 8204)
   defining Unicode char U+2010 (decimal 8208)
   defining Unicode char U+2011 (decimal 8209)
   defining Unicode char U+2012 (decimal 8210)
   defining Unicode char U+2013 (decimal 8211)
   defining Unicode char U+2014 (decimal 8212)
   defining Unicode char U+2015 (decimal 8213)
   defining Unicode char U+2018 (decimal 8216)
   defining Unicode char U+2019 (decimal 8217)
   defining Unicode char U+201A (decimal 8218)
   defining Unicode char U+201C (decimal 8220)
   defining Unicode char U+201D (decimal 8221)
   defining Unicode char U+201E (decimal 8222)
   defining Unicode char U+2030 (decimal 8240)
   defining Unicode char U+2031 (decimal 8241)
   defining Unicode char U+2039 (decimal 8249)
   defining Unicode char U+203A (decimal 8250)
   defining Unicode char U+2423 (decimal 9251)
   defining Unicode char U+1E20 (decimal 7712)
   defining Unicode char U+1E21 (decimal 7713)
)
Now handling font encoding OT1 ...
... processing UTF-8 mapping file for font encoding OT1

(/usr/share/texlive/texmf-dist/tex/latex/base/ot1enc.dfu
File: ot1enc.dfu 2017/01/28 v1.1t UTF-8 support for inputenc
   defining Unicode char U+00A0 (decimal 160)
   defining Unicode char U+00A1 (decimal 161)
   defining Unicode char U+00A3 (decimal 163)
   defining Unicode char U+00AD (decimal 173)
   defining Unicode char U+00B8 (decimal 184)
   defining Unicode char U+00BF (decimal 191)
   defining Unicode char U+00C5 (decimal 197)
   defining Unicode char U+00C6 (decimal 198)
   defining Unicode char U+00D8 (decimal 216)
   defining Unicode char U+00DF (decimal 223)
   defining Unicode char U+00E6 (decimal 230)
   defining Unicode char U+00EC (decimal 236)
   defining Unicode char U+00ED (decimal 237)
   defining Unicode char U+00EE (decimal 238)
   defining Unicode char U+00EF (decimal 239)
   defining Unicode char U+00F8 (decimal 248)
   defining Unicode char U+0131 (decimal 305)
   defining Unicode char U+0141 (decimal 321)
   defining Unicode char U+0142 (decimal 322)
   defining Unicode char U+0152 (decimal 338)
   defining Unicode char U+0153 (decimal 339)
   defining Unicode char U+0174 (decimal 372)
   defining Unicode char U+0175 (decimal 373)
   defining Unicode char U+0176 (decimal 374)
   defining Unicode char U+0177 (decimal 375)
   defining Unicode char U+0218 (decimal 536)
   defining Unicode char U+0219 (decimal 537)
   defining Unicode char U+021A (decimal 538)
   defining Unicode char U+021B (decimal 539)
   defining Unicode char U+2013 (decimal 8211)
   defining Unicode char U+2014 (decimal 8212)
   defining Unicode char U+2018 (decimal 8216)
   defining Unicode char U+2019 (decimal 8217)
   defining Unicode char U+201C (decimal 8220)
   defining Unicode char U+201D (decimal 8221)
)
Now handling font encoding OMS ...
... processing UTF-8 mapping file for font encoding OMS

(/usr/share/texlive/texmf-dist/tex/latex/base/omsenc.dfu
File: omsenc.dfu 2017/01/28 v1.1t UTF-8 support for inputenc
   defining Unicode char U+00A7 (decimal 167)
   defining Unicode char U+00B6 (decimal 182)
   defining Unicode char U+00B7 (decimal 183)
   defining Unicode char U+2020 (decimal 8224)
   defining Unicode char U+2021 (decimal 8225)
   defining Unicode char U+2022 (decimal 8226)
)
Now handling font encoding OMX ...
... no UTF-8 mapping file for font encoding OMX
Now handling font encoding U ...
... no UTF-8 mapping file for font encoding U
   defining Unicode char U+00A9 (decimal 169)
   defining Unicode char U+00AA (decimal 170)
   defining Unicode char U+00AE (decimal 174)
   defining Unicode char U+00BA (decimal 186)
   defining Unicode char U+02C6 (decimal 710)
   defining Unicode char U+02DC (decimal 732)
   defining Unicode char U+200C (decimal 8204)
   defining Unicode char U+2026 (decimal 8230)
   defining Unicode char U+2122 (decimal 8482)
   defining Unicode char U+2423 (decimal 9251)
))
(/usr/share/texlive/texmf-dist/tex/latex/geometry/geometry.sty
Package: geometry 2010/09/12 v5.6 Page Geometry

(/usr/share/texlive/texmf-dist/tex/latex/graphics/keyval.sty
Package: keyval 2014/10/28 v1.15 key=value parser (DPC)
\KV@toks@=\toks16
)
(/usr/share/texlive/texmf-dist/tex/generic/oberdiek/ifpdf.sty
Package: ifpdf 2017/03/15 v3.2 Provides the ifpdf switch
)
(/usr/share/texlive/texmf-dist/tex/generic/oberdiek/ifvtex.sty
Package: ifvtex 2016/05/16 v1.6 Detect VTeX and its facilities (HO)
Package ifvtex Info: VTeX not detected.
)
(/usr/share/texlive/texmf-dist/tex/generic/ifxetex/ifxetex.sty
Package: ifxetex 2010/09/12 v0.6 Provides ifxetex conditional
)
\Gm@cnth=\count87
\Gm@cntv=\count88
\c@Gm@tempcnt=\count89
\Gm@bindingoffset=\dimen103
\Gm@wd@mp=\dimen104
\Gm@odd@mp=\dimen105
\Gm@even@mp=\dimen106
\Gm@layoutwidth=\dimen107
\Gm@layoutheight=\dimen108
\Gm@layouthoffset=\dimen109
\Gm@layoutvoffset=\dimen110
\Gm@dimlist=\toks17
)
(/usr/share/texlive/texmf-dist/tex/latex/float/float.sty
Package: float 2001/11/08 v1.3d Float enhancements (AL)
\c@float@type=\count90
\float@exts=\toks18
\float@box=\box26
\@float@everytoks=\toks19
\@floatcapt=\box27
)
(/usr/share/texlive/texmf-dist/tex/latex/graphics/graphicx.sty
Package: graphicx 2017/06/01 v1.1a Enhanced LaTeX Graphics (DPC,SPQR)

(/usr/share/texlive/texmf-dist/tex/latex/graphics/graphics.sty
Package: graphics 2017/06/25 v1.2c Standard LaTeX Graphics (DPC,SPQR)

(/usr/share/texlive/texmf-dist/tex/latex/graphics/trig.sty
Package: trig 2016/01/03 v1.10 sin cos tan (DPC)
)
(/usr/share/texlive/texmf-dist/tex/latex/graphics-cfg/graphics.cfg
File: graphics.cfg 2016/06/04 v1.11 sample graphics configuration
)
Package graphics Info: Driver file: pdftex.def on input line 99.

(/usr/share/texlive/texmf-dist/tex/latex/graphics-def/pdftex.def
File: pdftex.def 2018/01/08 v1.0l Graphics/color driver for pdftex
))
\Gin@req@height=\dimen111
\Gin@req@width=\dimen112
)
(/usr/share/texlive/texmf-dist/tex/latex/wrapfig/wrapfig.sty
\wrapoverhang=\dimen113
\WF@size=\dimen114
\c@WF@wrappedlines=\count91
\WF@box=\box28
\WF@everypar=\toks20
Package: wrapfig 2003/01/31  v 3.6
)
(/usr/share/texlive/texmf-dist/tex/latex/setspace/setspace.sty
Package: setspace 2011/12/19 v6.7a set line spacing
)
(/usr/share/texlive/texmf-dist/tex/latex/xcolor/xcolor.sty
Package: xcolor 2016/05/11 v2.12 LaTeX color extensions (UK)

(/usr/share/texlive/texmf-dist/tex/latex/graphics-cfg/color.cfg
File: color.cfg 2016/01/02 v1.6 sample color configuration
)
Package xcolor Info: Driver file: pdftex.def on input line 225.
Package xcolor Info: Model `cmy' substituted by `cmy0' on input line 1348.
Package xcolor Info: Model `hsb' substituted by `rgb' on input line 1352.
Package xcolor Info: Model `RGB' extended on input line 1364.
Package xcolor Info: Model `HTML' substituted by `rgb' on input line 1366.
Package xcolor Info: Model `Hsb' substituted by `hsb' on input line 1367.
Package xcolor Info: Model `tHsb' substituted by `hsb' on input line 1368.
Package xcolor Info: Model `HSB' substituted by `hsb' on input line 1369.
Package xcolor Info: Model `Gray' substituted by `gray' on input line 1370.
Package xcolor Info: Model `wave' substituted by `hsb' on input line 1371.
)
(/usr/share/texlive/texmf-dist/tex/latex/was/gensymb.sty
Package: gensymb 2003/07/02 v1.0 (WaS)
)
(/usr/share/texlive/texmf-dist/tex/latex/amsmath/amsmath.sty
Package: amsmath 2017/09/02 v2.17a AMS math features
\@mathmargin=\skip43

For additional information on amsmath, use the `?' option.
(/usr/share/texlive/texmf-dist/tex/latex/amsmath/amstext.sty
Package: amstext 2000/06/29 v2.01 AMS text

(/usr/share/texlive/texmf-dist/tex/latex/amsmath/amsgen.sty
File: amsgen.sty 1999/11/30 v2.0 generic functions
\@emptytoks=\toks21
\ex@=\dimen115
))
(/usr/share/texlive/texmf-dist/tex/latex/amsmath/amsbsy.sty
Package: amsbsy 1999/11/29 v1.2d Bold Symbols
\pmbraise@=\dimen116
)
(/usr/share/texlive/texmf-dist/tex/latex/amsmath/amsopn.sty
Package: amsopn 2016/03/08 v2.02 operator names
)
\inf@bad=\count92
LaTeX Info: Redefining \frac on input line 213.
\uproot@=\count93
\leftroot@=\count94
LaTeX Info: Redefining \overline on input line 375.
\classnum@=\count95
\DOTSCASE@=\count96
LaTeX Info: Redefining \ldots on input line 472.
LaTeX Info: Redefining \dots on input line 475.
LaTeX Info: Redefining \cdots on input line 596.
\Mathstrutbox@=\box29
\strutbox@=\box30
\big@size=\dimen117
LaTeX Font Info:    Redeclaring font encoding OML on input line 712.
LaTeX Font Info:    Redeclaring font encoding OMS on input line 713.
\macc@depth=\count97
\c@MaxMatrixCols=\count98
\dotsspace@=\muskip10
\c@parentequation=\count99
\dspbrk@lvl=\count100
\tag@help=\toks22
\row@=\count101
\column@=\count102
\maxfields@=\count103
\andhelp@=\toks23
\eqnshift@=\dimen118
\alignsep@=\dimen119
\tagshift@=\dimen120
\tagwidth@=\dimen121
\totwidth@=\dimen122
\lineht@=\dimen123
\@envbody=\toks24
\multlinegap=\skip44
\multlinetaggap=\skip45
\mathdisplay@stack=\toks25
LaTeX Info: Redefining \[ on input line 2817.
LaTeX Info: Redefining \] on input line 2818.
)
(/usr/share/texlive/texmf-dist/tex/latex/mathtools/mathtools.sty
Package: mathtools 2018/01/08 v1.21 mathematical typesetting tools

(/usr/share/texlive/texmf-dist/tex/latex/tools/calc.sty
Package: calc 2014/10/28 v4.3 Infix arithmetic (KKT,FJ)
\calc@Acount=\count104
\calc@Bcount=\count105
\calc@Adimen=\dimen124
\calc@Bdimen=\dimen125
\calc@Askip=\skip46
\calc@Bskip=\skip47
LaTeX Info: Redefining \setlength on input line 80.
LaTeX Info: Redefining \addtolength on input line 81.
\calc@Ccount=\count106
\calc@Cskip=\skip48
)
(/usr/share/texlive/texmf-dist/tex/latex/mathtools/mhsetup.sty
Package: mhsetup 2017/03/31 v1.3 programming setup (MH)
)
LaTeX Info: Thecontrolsequence`\('isalreadyrobust on input line 129.
LaTeX Info: Thecontrolsequence`\)'isalreadyrobust on input line 129.
LaTeX Info: Thecontrolsequence`\['isalreadyrobust on input line 129.
LaTeX Info: Thecontrolsequence`\]'isalreadyrobust on input line 129.
\g_MT_multlinerow_int=\count107
\l_MT_multwidth_dim=\dimen126
\origjot=\skip49
\l_MT_shortvdotswithinadjustabove_dim=\dimen127
\l_MT_shortvdotswithinadjustbelow_dim=\dimen128
\l_MT_above_intertext_sep=\dimen129
\l_MT_below_intertext_sep=\dimen130
\l_MT_above_shortintertext_sep=\dimen131
\l_MT_below_shortintertext_sep=\dimen132
)
(/usr/share/texlive/texmf-dist/tex/latex/breqn/breqn.sty
(/usr/share/texlive/texmf-dist/tex/latex/l3kernel/expl3.sty
Package: expl3 2018/02/21 L3 programming layer (loader) 

(/usr/share/texlive/texmf-dist/tex/latex/l3kernel/expl3-code.tex
Package: expl3 2018/02/21 L3 programming layer (code)
\c_max_int=\count108
\l_tmpa_int=\count109
\l_tmpb_int=\count110
\g_tmpa_int=\count111
\g_tmpb_int=\count112
\g__intarray_font_int=\count113
\g__prg_map_int=\count114
\c_log_iow=\count115
\l_iow_line_count_int=\count116
\l__iow_line_target_int=\count117
\l__iow_one_indent_int=\count118
\l__iow_indent_int=\count119
\c_zero_dim=\dimen133
\c_max_dim=\dimen134
\l_tmpa_dim=\dimen135
\l_tmpb_dim=\dimen136
\g_tmpa_dim=\dimen137
\g_tmpb_dim=\dimen138
\c_zero_skip=\skip50
\c_max_skip=\skip51
\l_tmpa_skip=\skip52
\l_tmpb_skip=\skip53
\g_tmpa_skip=\skip54
\g_tmpb_skip=\skip55
\c_zero_muskip=\muskip11
\c_max_muskip=\muskip12
\l_tmpa_muskip=\muskip13
\l_tmpb_muskip=\muskip14
\g_tmpa_muskip=\muskip15
\g_tmpb_muskip=\muskip16
\l_keys_choice_int=\count120
\c__fp_leading_shift_int=\count121
\c__fp_middle_shift_int=\count122
\c__fp_trailing_shift_int=\count123
\c__fp_big_leading_shift_int=\count124
\c__fp_big_middle_shift_int=\count125
\c__fp_big_trailing_shift_int=\count126
\c__fp_Bigg_leading_shift_int=\count127
\c__fp_Bigg_middle_shift_int=\count128
\c__fp_Bigg_trailing_shift_int=\count129
\c__fp_rand_size_int=\count130
\c__fp_rand_four_int=\count131
\c__fp_rand_eight_int=\count132
\l__sort_length_int=\count133
\l__sort_min_int=\count134
\l__sort_top_int=\count135
\l__sort_max_int=\count136
\l__sort_true_max_int=\count137
\l__sort_block_int=\count138
\l__sort_begin_int=\count139
\l__sort_end_int=\count140
\l__sort_A_int=\count141
\l__sort_B_int=\count142
\l__sort_C_int=\count143
\l__tl_build_start_index_int=\count144
\l__tl_build_index_int=\count145
\l__tl_analysis_normal_int=\count146
\l__tl_analysis_index_int=\count147
\l__tl_analysis_nesting_int=\count148
\l__tl_analysis_type_int=\count149
\l__regex_internal_a_int=\count150
\l__regex_internal_b_int=\count151
\l__regex_internal_c_int=\count152
\l__regex_balance_int=\count153
\l__regex_group_level_int=\count154
\l__regex_mode_int=\count155
\c__regex_cs_in_class_mode_int=\count156
\c__regex_cs_mode_int=\count157
\l__regex_catcodes_int=\count158
\l__regex_default_catcodes_int=\count159
\c__regex_catcode_D_int=\count160
\c__regex_catcode_S_int=\count161
\c__regex_catcode_L_int=\count162
\c__regex_catcode_O_int=\count163
\c__regex_catcode_A_int=\count164
\c__regex_all_catcodes_int=\count165
\l__regex_show_lines_int=\count166
\l__regex_min_state_int=\count167
\l__regex_max_state_int=\count168
\l__regex_left_state_int=\count169
\l__regex_right_state_int=\count170
\l__regex_capturing_group_int=\count171
\l__regex_min_pos_int=\count172
\l__regex_max_pos_int=\count173
\l__regex_curr_pos_int=\count174
\l__regex_start_pos_int=\count175
\l__regex_success_pos_int=\count176
\l__regex_curr_char_int=\count177
\l__regex_curr_catcode_int=\count178
\l__regex_last_char_int=\count179
\l__regex_case_changed_char_int=\count180
\l__regex_curr_state_int=\count181
\l__regex_step_int=\count182
\l__regex_min_active_int=\count183
\l__regex_max_active_int=\count184
\l__regex_replacement_csnames_int=\count185
\l__regex_match_count_int=\count186
\l__regex_min_submatch_int=\count187
\l__regex_submatch_int=\count188
\l__regex_zeroth_submatch_int=\count189
\g__regex_trace_regex_int=\count190
\c_empty_box=\box31
\l_tmpa_box=\box32
\l_tmpb_box=\box33
\g_tmpa_box=\box34
\g_tmpb_box=\box35
\l__box_top_dim=\dimen139
\l__box_bottom_dim=\dimen140
\l__box_left_dim=\dimen141
\l__box_right_dim=\dimen142
\l__box_top_new_dim=\dimen143
\l__box_bottom_new_dim=\dimen144
\l__box_left_new_dim=\dimen145
\l__box_right_new_dim=\dimen146
\l__box_internal_box=\box36
\l__coffin_internal_box=\box37
\l__coffin_internal_dim=\dimen147
\l__coffin_offset_x_dim=\dimen148
\l__coffin_offset_y_dim=\dimen149
\l__coffin_x_dim=\dimen150
\l__coffin_y_dim=\dimen151
\l__coffin_x_prime_dim=\dimen152
\l__coffin_y_prime_dim=\dimen153
\c_empty_coffin=\box38
\l__coffin_aligned_coffin=\box39
\l__coffin_aligned_internal_coffin=\box40
\l_tmpa_coffin=\box41
\l_tmpb_coffin=\box42
\l__coffin_display_coffin=\box43
\l__coffin_display_coord_coffin=\box44
\l__coffin_display_pole_coffin=\box45
\l__coffin_display_offset_dim=\dimen154
\l__coffin_display_x_dim=\dimen155
\l__coffin_display_y_dim=\dimen156
\l__coffin_bounding_shift_dim=\dimen157
\l__coffin_left_corner_dim=\dimen158
\l__coffin_right_corner_dim=\dimen159
\l__coffin_bottom_corner_dim=\dimen160
\l__coffin_top_corner_dim=\dimen161
\l__coffin_scaled_total_height_dim=\dimen162
\l__coffin_scaled_width_dim=\dimen163
)
(/usr/share/texlive/texmf-dist/tex/latex/l3kernel/l3pdfmode.def
File: l3pdfmode.def 2017/03/18 v L3 Experimental driver: PDF mode
\l__driver_color_stack_int=\count191
\l__driver_tmp_box=\box46
))
Package: breqn 2017/01/27 v0.98e Breaking equations

(/usr/share/texlive/texmf-dist/tex/latex/breqn/flexisym.sty
Package: flexisym 2017/01/27 v0.98e Make math characters macros
LaTeX Info: Redefining \textprime on input line 300.
LaTeX Info: Redefining \not on input line 358.

(/usr/share/texlive/texmf-dist/tex/latex/breqn/cmbase.sym
File: cmbase.sym 2007/12/19 v0.92
LaTeX Info: Redefining \hbar on input line 325.
LaTeX Info: Redefining \surd on input line 327.
LaTeX Info: Redefining \angle on input line 335.
LaTeX Info: Redefining \neq on input line 336.
LaTeX Info: Redefining \mapsto on input line 337.
LaTeX Info: Redefining \cong on input line 338.
LaTeX Info: Redefining \notin on input line 341.
LaTeX Info: Redefining \rightleftharpoons on input line 342.
LaTeX Info: Redefining \doteq on input line 343.
LaTeX Info: Redefining \hookrightarrow on input line 344.
LaTeX Info: Redefining \hookleftarrow on input line 345.
LaTeX Info: Redefining \bowtie on input line 346.
LaTeX Info: Redefining \models on input line 347.
LaTeX Info: Redefining \Longrightarrow on input line 348.
LaTeX Info: Redefining \longrightarrow on input line 349.
LaTeX Info: Redefining \Longleftarrow on input line 350.
LaTeX Info: Redefining \longleftarrow on input line 351.
LaTeX Info: Redefining \longmapsto on input line 352.
LaTeX Info: Redefining \longleftrightarrow on input line 353.
LaTeX Info: Redefining \Longleftrightarrow on input line 354.
LaTeX Info: Redefining \cdots on input line 358.
LaTeX Info: Redefining \vdots on input line 361.
LaTeX Info: Redefining \ddots on input line 366.
)
(/usr/share/texlive/texmf-dist/tex/latex/breqn/mathstyle.sty
Package: mathstyle 2017/01/27 0.98e Tracking mathstyle implicitly
LaTeX Info: Redefining \displaystyle on input line 93.
LaTeX Info: Redefining \textstyle on input line 95.
LaTeX Info: Redefining \scriptstyle on input line 97.
LaTeX Info: Redefining \scriptscriptstyle on input line 99.
LaTeX Info: Redefining \genfrac on input line 145.
))
\inf@bad=\count192
\maxint=\count193
\listwidth=\dimen164
\eqnumsep=\dimen165
\eqmargin=\dimen166
\eqlinespacing=\skip56
\eqlineskip=\skip57
\eqlineskiplimit=\dimen167
\eqbinoffset=\muskip17
\eqdelimoffset=\muskip18
\eqindentstep=\dimen168
\eqstyle=\toks26
\eqbreakdepth=\count194
\eqinterlinepenalty=\count195
\intereqpenalty=\count196
\intereqskip=\skip58
\prerelpenalty=\count197
\prebinoppenalty=\count198
\Dmedmuskip=\muskip19
\Dthickmuskip=\muskip20
\eqleftskip=\skip59
\eqrightskip=\skip60
\eq@vspan=\skip61
\eq@binoffset=\muskip21
\EQ@box=\box47
\EQ@copy=\box48
\EQ@numbox=\box49
\eq@wdNum=\dimen169
\GRP@numbox=\box50
\grp@wdNum=\dimen170
\eq@lines=\count199
\eq@curline=\count266
\eq@badness=\count267
\EQ@vims=\count268
\eq@dp=\dimen171
\eq@wdL=\dimen172
\eq@wdT=\dimen173
\eq@wdMin=\dimen174
\grp@wdL=\dimen175
\grp@wdR=\dimen176
\grp@wdT=\dimen177
\eq@wdRmax=\dimen178
\eq@firstht=\dimen179
\eq@wdCond=\dimen180
\eq@indentstep=\dimen181
\eq@linewidth=\dimen182
\grp@linewidth=\dimen183
\eq@hshift=\dimen184
\eq@given@sidespace=\dimen185
\mathindent=\dimen186
\eq@final@linecount=\count269
\eq@wdR=\dimen187
\EQ@continue=\toks27
\lr@level=\count270
\GRP@queue=\toks28
\GRP@box=\box51
\GRP@wholebox=\box52
\darraycolsep=\skip62
\cur@row=\count271
\cur@col=\count272
\conditionsep=\skip63
)
(/usr/share/texlive/texmf-dist/tex/latex/amsfonts/amsfonts.sty
Package: amsfonts 2013/01/14 v3.01 Basic AMSFonts support
\symAMSa=\mathgroup4
\symAMSb=\mathgroup5
LaTeX Font Info:    Overwriting math alphabet `\mathfrak' in version `bold'
(Font)                  U/euf/m/n --> U/euf/b/n on input line 106.
)
(./EsercitazioniSistemi.aux)
\openout1 = `EsercitazioniSistemi.aux'.

LaTeX Font Info:    Checking defaults for OML/cmm/m/it on input line 17.
LaTeX Font Info:    ... okay on input line 17.
LaTeX Font Info:    Checking defaults for T1/cmr/m/n on input line 17.
LaTeX Font Info:    ... okay on input line 17.
LaTeX Font Info:    Checking defaults for OT1/cmr/m/n on input line 17.
LaTeX Font Info:    ... okay on input line 17.
LaTeX Font Info:    Checking defaults for OMS/cmsy/m/n on input line 17.
LaTeX Font Info:    ... okay on input line 17.
LaTeX Font Info:    Checking defaults for OMX/cmex/m/n on input line 17.
LaTeX Font Info:    ... okay on input line 17.
LaTeX Font Info:    Checking defaults for U/cmr/m/n on input line 17.
LaTeX Font Info:    ... okay on input line 17.

*geometry* driver: auto-detecting
*geometry* detected driver: pdftex
*geometry* verbose mode - [ preamble ] result:
* driver: pdftex
* paper: a4paper
* layout: <same size as paper>
* layoutoffset:(h,v)=(0.0pt,0.0pt)
* modes: 
* h-part:(L,W,R)=(56.9055pt, 483.69687pt, 56.9055pt)
* v-part:(T,H,B)=(101.40665pt, 591.5302pt, 152.11pt)
* \paperwidth=597.50787pt
* \paperheight=845.04684pt
* \textwidth=483.69687pt
* \textheight=591.5302pt
* \oddsidemargin=-15.36449pt
* \evensidemargin=-15.36449pt
* \topmargin=-7.86334pt
* \headheight=12.0pt
* \headsep=25.0pt
* \topskip=12.0pt
* \footskip=30.0pt
* \marginparwidth=35.0pt
* \marginparsep=10.0pt
* \columnsep=10.0pt
* \skip\footins=10.8pt plus 4.0pt minus 2.0pt
* \hoffset=0.0pt
* \voffset=0.0pt
* \mag=1000
* \@twocolumnfalse
* \@twosidefalse
* \@mparswitchfalse
* \@reversemarginfalse
* (1in=72.27pt=25.4mm, 1cm=28.453pt)

(/usr/share/texlive/texmf-dist/tex/context/base/mkii/supp-pdf.mkii
[Loading MPS to PDF converter (version 2006.09.02).]
\scratchcounter=\count273
\scratchdimen=\dimen188
\scratchbox=\box53
\nofMPsegments=\count274
\nofMParguments=\count275
\everyMPshowfont=\toks29
\MPscratchCnt=\count276
\MPscratchDim=\dimen189
\MPnumerator=\count277
\makeMPintoPDFobject=\count278
\everyMPtoPDFconversion=\toks30
) (/usr/share/texlive/texmf-dist/tex/latex/oberdiek/epstopdf-base.sty
Package: epstopdf-base 2016/05/15 v2.6 Base part for package epstopdf

(/usr/share/texlive/texmf-dist/tex/generic/oberdiek/infwarerr.sty
Package: infwarerr 2016/05/16 v1.4 Providing info/warning/error messages (HO)
)
(/usr/share/texlive/texmf-dist/tex/latex/oberdiek/grfext.sty
Package: grfext 2016/05/16 v1.2 Manage graphics extensions (HO)

(/usr/share/texlive/texmf-dist/tex/generic/oberdiek/kvdefinekeys.sty
Package: kvdefinekeys 2016/05/16 v1.4 Define keys (HO)

(/usr/share/texlive/texmf-dist/tex/generic/oberdiek/ltxcmds.sty
Package: ltxcmds 2016/05/16 v1.23 LaTeX kernel commands for general use (HO)
)))
(/usr/share/texlive/texmf-dist/tex/latex/oberdiek/kvoptions.sty
Package: kvoptions 2016/05/16 v3.12 Key value format for package options (HO)

(/usr/share/texlive/texmf-dist/tex/generic/oberdiek/kvsetkeys.sty
Package: kvsetkeys 2016/05/16 v1.17 Key value parser (HO)

(/usr/share/texlive/texmf-dist/tex/generic/oberdiek/etexcmds.sty
Package: etexcmds 2016/05/16 v1.6 Avoid name clashes with e-TeX commands (HO)

(/usr/share/texlive/texmf-dist/tex/generic/oberdiek/ifluatex.sty
Package: ifluatex 2016/05/16 v1.4 Provides the ifluatex switch (HO)
Package ifluatex Info: LuaTeX not detected.
)
Package etexcmds Info: Could not find \expanded.
(etexcmds)             That can mean that you are not using pdfTeX 1.50 or
(etexcmds)             that some package has redefined \expanded.
(etexcmds)             In the latter case, load this package earlier.
)))
(/usr/share/texlive/texmf-dist/tex/generic/oberdiek/pdftexcmds.sty
Package: pdftexcmds 2018/01/21 v0.26 Utility functions of pdfTeX for LuaTeX (HO
)
Package pdftexcmds Info: LuaTeX not detected.
Package pdftexcmds Info: \pdf@primitive is available.
Package pdftexcmds Info: \pdf@ifprimitive is available.
Package pdftexcmds Info: \pdfdraftmode found.
)
Package epstopdf-base Info: Redefining graphics rule for `.eps' on input line 4
38.
Package grfext Info: Graphics extension search list:
(grfext)             [.pdf,.png,.jpg,.mps,.jpeg,.jbig2,.jb2,.PDF,.PNG,.JPG,.JPE
G,.JBIG2,.JB2,.eps]
(grfext)             \AppendGraphicsExtensions on input line 456.

(/usr/share/texlive/texmf-dist/tex/latex/latexconfig/epstopdf-sys.cfg
File: epstopdf-sys.cfg 2010/07/13 v1.3 Configuration of (r)epstopdf for TeX Liv
e
))
LaTeX Info: Redefining \celsius on input line 17.
Package gensymb Info: Faking symbols for \degree and \celsius on input line 17.



Package gensymb Warning: Not defining \perthousand.

LaTeX Info: Redefining \ohm on input line 17.
Package gensymb Info: Using \Omega for \ohm on input line 17.

Package gensymb Warning: Not defining \micro.

<./images/univr_logo.png, id=1, 255.95625pt x 191.9672pt>
File: ./images/univr_logo.png Graphic file (type png)
<use ./images/univr_logo.png>
Package pdftex.def Info: ./images/univr_logo.png  used on input line 23.
(pdftex.def)             Requested size: 127.9778pt x 95.98335pt.
[1


{/var/lib/texmf/fonts/map/pdftex/updmap/pdftex.map} <./images/univr_logo.png>]
LaTeX Font Info:    Try loading font information for U+msa on input line 45.
 (/usr/share/texlive/texmf-dist/tex/latex/amsfonts/umsa.fd
File: umsa.fd 2013/01/14 v3.01 AMS symbols A
)
LaTeX Font Info:    Try loading font information for U+msb on input line 45.

(/usr/share/texlive/texmf-dist/tex/latex/amsfonts/umsb.fd
File: umsb.fd 2013/01/14 v3.01 AMS symbols B
)
Underfull \hbox (badness 10000) in paragraph at lines 59--60

 []

[1]
Underfull \hbox (badness 10000) in paragraph at lines 103--107

 []


Underfull \hbox (badness 10000) in paragraph at lines 103--107

 []

[2]
Underfull \hbox (badness 10000) in paragraph at lines 138--144

 []


Underfull \hbox (badness 10000) in paragraph at lines 138--144

 []


Underfull \hbox (badness 10000) in paragraph at lines 138--144

 []


Underfull \hbox (badness 10000) in paragraph at lines 138--144

 []

[3]
Underfull \hbox (badness 10000) in paragraph at lines 169--170

 []


Underfull \hbox (badness 10000) in paragraph at lines 184--186

 []

[4]
Underfull \hbox (badness 10000) in paragraph at lines 235--237

 []


Underfull \hbox (badness 10000) in paragraph at lines 235--237

 []

[5]
Underfull \hbox (badness 10000) in paragraph at lines 277--283

 []

[6]
Underfull \hbox (badness 10000) in paragraph at lines 308--309

 []

[7]
Underfull \hbox (badness 10000) in paragraph at lines 348--350

 []


Underfull \hbox (badness 10000) in paragraph at lines 348--350

 []


Overfull \hbox (33.40292pt too wide) detected at line 355
[]
 []


Underfull \hbox (badness 10000) in paragraph at lines 355--359

 []

[8] [9] [10] [11]
Underfull \hbox (badness 10000) in paragraph at lines 537--540

 []


Underfull \hbox (badness 10000) in paragraph at lines 537--540

 []


Underfull \hbox (badness 10000) in paragraph at lines 542--545

 []

[12]
Underfull \hbox (badness 10000) in paragraph at lines 550--553

 []


Underfull \hbox (badness 10000) in paragraph at lines 587--589

 []

[13]
Underfull \hbox (badness 10000) in paragraph at lines 594--600

 []


Underfull \hbox (badness 10000) in paragraph at lines 606--608

 []


Underfull \hbox (badness 10000) in paragraph at lines 610--620

 []


Underfull \hbox (badness 10000) in paragraph at lines 622--630

 []

[14]
Underfull \hbox (badness 10000) in paragraph at lines 644--650

 []

[15]
<./images/schema21.png, id=73, 710.655pt x 296.10625pt>
File: ./images/schema21.png Graphic file (type png)
<use ./images/schema21.png>
Package pdftex.def Info: ./images/schema21.png  used on input line 664.
(pdftex.def)             Requested size: 355.32663pt x 148.05275pt.
LaTeX Font Info:    Try loading font information for OMS+cmr on input line 674.

 (/usr/share/texlive/texmf-dist/tex/latex/base/omscmr.fd
File: omscmr.fd 2014/09/29 v2.5h Standard LaTeX font definitions
)
LaTeX Font Info:    Font shape `OMS/cmr/m/n' in size <12> not available
(Font)              Font shape `OMS/cmsy/m/n' tried instead on input line 674.

Underfull \hbox (badness 10000) in paragraph at lines 678--682

 []


Underfull \hbox (badness 10000) in paragraph at lines 687--695

 []

[16 <./images/schema21.png>] [17]
<./images/schema22.png, id=82, 859.21pt x 343.2825pt>
File: ./images/schema22.png Graphic file (type png)
<use ./images/schema22.png>
Package pdftex.def Info: ./images/schema22.png  used on input line 703.
(pdftex.def)             Requested size: 429.60396pt x 171.64082pt.

Underfull \hbox (badness 10000) in paragraph at lines 700--711

 []


Underfull \hbox (badness 10000) in paragraph at lines 700--711

 []


Underfull \hbox (badness 10000) in paragraph at lines 717--723

 []

[18 <./images/schema22.png>]
<./images/schema23.png, id=88, 697.60625pt x 362.35374pt>
File: ./images/schema23.png Graphic file (type png)
<use ./images/schema23.png>
Package pdftex.def Info: ./images/schema23.png  used on input line 730.
(pdftex.def)             Requested size: 348.80226pt x 181.17642pt.

Underfull \hbox (badness 10000) in paragraph at lines 733--735

 []


Underfull \hbox (badness 10000) in paragraph at lines 736--738

 []


Underfull \hbox (badness 10000) in paragraph at lines 740--743

 []

[19 <./images/schema23.png>]
<./images/schema24.png, id=93, 700.6175pt x 300.12125pt>
File: ./images/schema24.png Graphic file (type png)
<use ./images/schema24.png>
Package pdftex.def Info: ./images/schema24.png  used on input line 753.
(pdftex.def)             Requested size: 350.30789pt x 150.06026pt.

Underfull \hbox (badness 10000) in paragraph at lines 750--761

 []


Underfull \hbox (badness 10000) in paragraph at lines 750--761

 []

[20 <./images/schema24.png>]
<./images/schema25.png, id=98, 575.14874pt x 373.395pt>
File: ./images/schema25.png Graphic file (type png)
<use ./images/schema25.png>
Package pdftex.def Info: ./images/schema25.png  used on input line 777.
(pdftex.def)             Requested size: 287.57367pt x 186.69704pt.

Underfull \hbox (badness 10000) in paragraph at lines 774--785

 []


Underfull \hbox (badness 10000) in paragraph at lines 787--790

 []

[21 <./images/schema25.png>]
<./images/schema26.png, id=103, 819.06pt x 385.44pt>
File: ./images/schema26.png Graphic file (type png)
<use ./images/schema26.png>
Package pdftex.def Info: ./images/schema26.png  used on input line 797.
(pdftex.def)             Requested size: 409.52899pt x 192.71953pt.
<./images/schema26_1.png, id=104, 804.00375pt x 384.43625pt>
File: ./images/schema26_1.png Graphic file (type png)
<use ./images/schema26_1.png>
Package pdftex.def Info: ./images/schema26_1.png  used on input line 806.
(pdftex.def)             Requested size: 321.59581pt x 153.77177pt.

Underfull \hbox (badness 10000) in paragraph at lines 803--809

 []

<./images/schema26_2.png, id=105, 782.925pt x 445.665pt>
File: ./images/schema26_2.png Graphic file (type png)
<use ./images/schema26_2.png>
Package pdftex.def Info: ./images/schema26_2.png  used on input line 812.
(pdftex.def)             Requested size: 313.16446pt x 178.26283pt.

LaTeX Warning: `!h' float specifier changed to `!ht'.

<./images/schema26_3.png, id=106, 774.895pt x 450.68375pt>
File: ./images/schema26_3.png Graphic file (type png)
<use ./images/schema26_3.png>
Package pdftex.def Info: ./images/schema26_3.png  used on input line 817.
(pdftex.def)             Requested size: 309.95251pt x 180.2703pt.
[22 <./images/schema26.png> <./images/schema26_1.png>]
<./images/schema26_5.png, id=112, 813.0375pt x 351.3125pt>
File: ./images/schema26_5.png Graphic file (type png)
<use ./images/schema26_5.png>
Package pdftex.def Info: ./images/schema26_5.png  used on input line 822.
(pdftex.def)             Requested size: 325.20924pt x 140.5225pt.

Underfull \hbox (badness 10000) in paragraph at lines 819--825

 []


Underfull \hbox (badness 10000) in paragraph at lines 819--825

 []


Underfull \hbox (badness 10000) in paragraph at lines 819--825

 []


Underfull \hbox (badness 10000) in paragraph at lines 819--825

 []


Underfull \hbox (badness 10000) in paragraph at lines 819--825

 []


Underfull \hbox (badness 10000) in paragraph at lines 819--825

 []


Underfull \hbox (badness 10000) in paragraph at lines 819--825

 []


Underfull \hbox (badness 10000) in paragraph at lines 819--825

 []


Underfull \hbox (badness 10000) in paragraph at lines 819--825

 []


LaTeX Warning: `!h' float specifier changed to `!ht'.

<./images/schema26_6.png, id=113, 793.96625pt x 354.32375pt>
File: ./images/schema26_6.png Graphic file (type png)
<use ./images/schema26_6.png>
Package pdftex.def Info: ./images/schema26_6.png  used on input line 828.
(pdftex.def)             Requested size: 317.58087pt x 141.72697pt.
[23 <./images/schema26_2.png> <./images/schema26_3.png>]
<./images/schema26_7.png, id=119, 699.61375pt x 252.945pt>
File: ./images/schema26_7.png Graphic file (type png)
<use ./images/schema26_7.png>
Package pdftex.def Info: ./images/schema26_7.png  used on input line 833.
(pdftex.def)             Requested size: 279.84055pt x 101.17621pt.
<./images/schema26_8.png, id=120, 773.89125pt x 164.615pt>
File: ./images/schema26_8.png Graphic file (type png)
<use ./images/schema26_8.png>
Package pdftex.def Info: ./images/schema26_8.png  used on input line 838.
(pdftex.def)             Requested size: 309.55101pt x 65.84482pt.

Underfull \hbox (badness 10000) in paragraph at lines 835--841

 []


Underfull \hbox (badness 10000) in paragraph at lines 835--841

 []


LaTeX Warning: `!h' float specifier changed to `!ht'.

<./images/schema26_9.png, id=121, 681.54625pt x 210.7875pt>
File: ./images/schema26_9.png Graphic file (type png)
<use ./images/schema26_9.png>
Package pdftex.def Info: ./images/schema26_9.png  used on input line 844.
(pdftex.def)             Requested size: 272.61366pt x 84.3135pt.
[24 <./images/schema26_5.png> <./images/schema26_6.png> <./images/schema26_7.pn
g>] [25 <./images/schema26_8.png> <./images/schema26_9.png>]
<./images/schema27.png, id=134, 540.0175pt x 266.9975pt>
File: ./images/schema27.png Graphic file (type png)
<use ./images/schema27.png>
Package pdftex.def Info: ./images/schema27.png  used on input line 855.
(pdftex.def)             Requested size: 270.00809pt x 133.49841pt.

Underfull \hbox (badness 10000) in paragraph at lines 852--859

 []


Underfull \hbox (badness 10000) in paragraph at lines 852--859

 []

<./images/schema27_1.png, id=135, 487.8225pt x 239.89626pt>
File: ./images/schema27_1.png Graphic file (type png)
<use ./images/schema27_1.png>
Package pdftex.def Info: ./images/schema27_1.png  used on input line 863.
(pdftex.def)             Requested size: 195.12553pt x 95.95679pt.
<./images/schema27_2.png, id=136, 474.77374pt x 177.66376pt>
File: ./images/schema27_2.png Graphic file (type png)
<use ./images/schema27_2.png>
Package pdftex.def Info: ./images/schema27_2.png  used on input line 868.
(pdftex.def)             Requested size: 189.90613pt x 71.06424pt.
[26 <./images/schema27.png> <./images/schema27_1.png> <./images/schema27_2.png>
]
<./images/schema27_3.png, id=143, 474.77374pt x 138.5175pt>
File: ./images/schema27_3.png Graphic file (type png)
<use ./images/schema27_3.png>
Package pdftex.def Info: ./images/schema27_3.png  used on input line 874.
(pdftex.def)             Requested size: 189.90613pt x 55.406pt.
<./images/schema27_4.png, id=144, 376.40625pt x 132.495pt>
File: ./images/schema27_4.png Graphic file (type png)
<use ./images/schema27_4.png>
Package pdftex.def Info: ./images/schema27_4.png  used on input line 879.
(pdftex.def)             Requested size: 150.55983pt x 52.99706pt.
<./images/schema27_5.png, id=145, 492.84125pt x 135.50626pt>
File: ./images/schema27_5.png Graphic file (type png)
<use ./images/schema27_5.png>
Package pdftex.def Info: ./images/schema27_5.png  used on input line 884.
(pdftex.def)             Requested size: 197.133pt x 54.20152pt.

Underfull \hbox (badness 10000) in paragraph at lines 890--903

 []


Underfull \hbox (badness 10000) in paragraph at lines 890--903

 []


Underfull \hbox (badness 10000) in paragraph at lines 890--903

 []


Underfull \hbox (badness 10000) in paragraph at lines 890--903

 []


Overfull \hbox (37.4772pt too wide) detected at line 905
\OT1/cmr/m/n/12 ^^A = 1 \OMS/cmsy/m/n/12 ^^@ \OT1/cmr/m/n/12 (\OMS/cmsy/m/n/12 
^^@\OML/cmm/m/it/12 BCG \OMS/cmsy/m/n/12 ^^@ \OML/cmm/m/it/12 ABFE \OT1/cmr/m/n
/12 + \OML/cmm/m/it/12 ABCE \OT1/cmr/m/n/12 + \OML/cmm/m/it/12 BCED \OMS/cmsy/m
/n/12 ^^@ \OML/cmm/m/it/12 BFED\OT1/cmr/m/n/12 ) = 1 + \OML/cmm/m/it/12 BCG \OT
1/cmr/m/n/12 + \OML/cmm/m/it/12 ABFE \OMS/cmsy/m/n/12 ^^@ \OML/cmm/m/it/12 ABCE
 \OMS/cmsy/m/n/12 ^^@ \OML/cmm/m/it/12 BCED \OT1/cmr/m/n/12 + \OML/cmm/m/it/12 
BFED
 []

[27 <./images/schema27_3.png> <./images/schema27_4.png> <./images/schema27_5.pn
g>] [28]
Underfull \hbox (badness 10000) in paragraph at lines 938--939

 []

[29]
Underfull \hbox (badness 10000) in paragraph at lines 988--994

 []


Underfull \hbox (badness 10000) in paragraph at lines 988--994

 []


Underfull \hbox (badness 10000) in paragraph at lines 988--994

 []

[30]
Underfull \hbox (badness 10000) in paragraph at lines 1017--1020

 []


Underfull \hbox (badness 10000) in paragraph at lines 1026--1032

 []


Underfull \hbox (badness 10000) in paragraph at lines 1026--1032

 []


Underfull \hbox (badness 10000) in paragraph at lines 1026--1032

 []


Underfull \hbox (badness 10000) in paragraph at lines 1026--1032

 []

[31] [32]
Underfull \hbox (badness 10000) in paragraph at lines 1062--1063

 []


Underfull \hbox (badness 10000) in paragraph at lines 1097--1101

 []

[33]
Underfull \hbox (badness 10000) in paragraph at lines 1103--1115

 []


Underfull \hbox (badness 10000) in paragraph at lines 1103--1115

 []


Underfull \hbox (badness 10000) in paragraph at lines 1103--1115

 []


Underfull \hbox (badness 10000) in paragraph at lines 1120--1123

 []

[34]
Underfull \hbox (badness 10000) in paragraph at lines 1150--1156

 []


Underfull \hbox (badness 10000) in paragraph at lines 1150--1156

 []


Underfull \hbox (badness 10000) in paragraph at lines 1150--1156

 []

[35]
Underfull \hbox (badness 10000) in paragraph at lines 1186--1187

 []

[36]
Underfull \hbox (badness 10000) in paragraph at lines 1225--1230

 []


Underfull \hbox (badness 10000) in paragraph at lines 1225--1230

 []


Underfull \hbox (badness 10000) in paragraph at lines 1225--1230

 []


Overfull \hbox (19.15231pt too wide) detected at line 1244
\OML/cmm/m/it/12 z[]V\OT1/cmr/m/n/12 (\OML/cmm/m/it/12 z\OT1/cmr/m/n/12 ) + [] 
[] \OMS/cmsy/m/n/12 ^^@ [] [] \OT1/cmr/m/n/12 = 7\OML/cmm/m/it/12 z[]U\OT1/cmr/
m/n/12 (\OML/cmm/m/it/12 z\OT1/cmr/m/n/12 ) \OMS/cmsy/m/n/12 ^^@ \OML/cmm/m/it/
12 z[]U\OT1/cmr/m/n/12 (\OML/cmm/m/it/12 z\OT1/cmr/m/n/12 )
 []


Underfull \hbox (badness 10000) in paragraph at lines 1244--1258

 []


Underfull \hbox (badness 10000) in paragraph at lines 1244--1258

 []


Underfull \hbox (badness 10000) in paragraph at lines 1244--1258

 []


Underfull \hbox (badness 10000) in paragraph at lines 1244--1258

 []


Underfull \hbox (badness 10000) in paragraph at lines 1244--1258

 []


Underfull \hbox (badness 10000) in paragraph at lines 1244--1258

 []


Underfull \hbox (badness 10000) in paragraph at lines 1244--1258

 []


Underfull \hbox (badness 10000) in paragraph at lines 1244--1258

 []


Underfull \hbox (badness 10000) in paragraph at lines 1244--1258

 []


Underfull \hbox (badness 10000) in paragraph at lines 1244--1258

 []


Underfull \hbox (badness 10000) in paragraph at lines 1244--1258

 []


Underfull \hbox (badness 10000) in paragraph at lines 1244--1258

 []


Underfull \hbox (badness 10000) in paragraph at lines 1244--1258

 []


Underfull \hbox (badness 10000) in paragraph at lines 1244--1258

 []

[37] [38]
Underfull \hbox (badness 10000) in paragraph at lines 1278--1279

 []


Underfull \hbox (badness 10000) in paragraph at lines 1303--1304

 []

[39]
Underfull \hbox (badness 10000) in paragraph at lines 1310--1313

 []


Underfull \hbox (badness 10000) in paragraph at lines 1331--1338

 []


Underfull \hbox (badness 10000) in paragraph at lines 1331--1338

 []


Underfull \hbox (badness 10000) in paragraph at lines 1331--1338

 []


Underfull \hbox (badness 10000) in paragraph at lines 1331--1338

 []


Underfull \hbox (badness 10000) in paragraph at lines 1331--1338

 []

[40]
Underfull \hbox (badness 10000) in paragraph at lines 1368--1374

 []


Underfull \hbox (badness 10000) in paragraph at lines 1368--1374

 []


Underfull \hbox (badness 10000) in paragraph at lines 1368--1374

 []


Underfull \hbox (badness 10000) in paragraph at lines 1368--1374

 []

[41] [42]
Underfull \hbox (badness 10000) in paragraph at lines 1401--1402

 []


Underfull \hbox (badness 10000) in paragraph at lines 1403--1404

 []

[43]
Underfull \hbox (badness 10000) in paragraph at lines 1447--1453

 []


Underfull \hbox (badness 10000) in paragraph at lines 1447--1453

 []


Underfull \hbox (badness 10000) in paragraph at lines 1447--1453

 []


Underfull \hbox (badness 10000) in paragraph at lines 1447--1453

 []

[44]
Overfull \hbox (1.85123pt too wide) in paragraph at lines 1474--1477
\T1/cmr/m/n/12 ----------------------------------------------------------------
------------------------------------------------------------
 []


Underfull \hbox (badness 10000) in paragraph at lines 1474--1477

 []


Underfull \hbox (badness 10000) in paragraph at lines 1479--1482

 []


Underfull \hbox (badness 10000) in paragraph at lines 1479--1482

 []

<./images/bode41.png, id=207, 547.04375pt x 399.4925pt>
File: ./images/bode41.png Graphic file (type png)
<use ./images/bode41.png>
Package pdftex.def Info: ./images/bode41.png  used on input line 1489.
(pdftex.def)             Requested size: 273.5212pt x 199.74576pt.
[45 <./images/bode41.png>]
<./images/bode41_4.png, id=212, 533.995pt x 402.50375pt>
File: ./images/bode41_4.png Graphic file (type png)
<use ./images/bode41_4.png>
Package pdftex.def Info: ./images/bode41_4.png  used on input line 1498.
(pdftex.def)             Requested size: 266.99684pt x 201.25137pt.
<./images/bode41_2.png, id=213, 534.99875pt x 408.52625pt>
File: ./images/bode41_2.png Graphic file (type png)
<use ./images/bode41_2.png>
Package pdftex.def Info: ./images/bode41_2.png  used on input line 1512.
(pdftex.def)             Requested size: 267.49872pt x 204.26262pt.


LaTeX Warning: `!h' float specifier changed to `!ht'.


Underfull \hbox (badness 10000) in paragraph at lines 1517--1519

 []

<./images/bode41_3.png, id=214, 539.01375pt x 402.50375pt>
File: ./images/bode41_3.png Graphic file (type png)
<use ./images/bode41_3.png>
Package pdftex.def Info: ./images/bode41_3.png  used on input line 1525.
(pdftex.def)             Requested size: 269.50621pt x 201.25137pt.
[46 <./images/bode41_4.png>] [47 <./images/bode41_2.png> <./images/bode41_3.png
>]
<./images/bode41tot.png, id=224, 672.5125pt x 513.92pt>
File: ./images/bode41tot.png Graphic file (type png)
<use ./images/bode41tot.png>
Package pdftex.def Info: ./images/bode41tot.png  used on input line 1532.
(pdftex.def)             Requested size: 403.5106pt x 308.35437pt.
 [48 <./images/bode41tot.png>]
Overfull \hbox (1.85123pt too wide) in paragraph at lines 1538--1541
\T1/cmr/m/n/12 ----------------------------------------------------------------
------------------------------------------------------------
 []


Underfull \hbox (badness 10000) in paragraph at lines 1538--1541

 []


Underfull \hbox (badness 10000) in paragraph at lines 1543--1545

 []

<./images/bode42_1.png, id=230, 556.0775pt x 410.53375pt>
File: ./images/bode42_1.png Graphic file (type png)
<use ./images/bode42_1.png>
Package pdftex.def Info: ./images/bode42_1.png  used on input line 1551.
(pdftex.def)             Requested size: 278.03807pt x 205.26637pt.
[49 <./images/bode42_1.png>]
<./images/bode42_2.png, id=236, 539.01375pt x 403.5075pt>
File: ./images/bode42_2.png Graphic file (type png)
<use ./images/bode42_2.png>
Package pdftex.def Info: ./images/bode42_2.png  used on input line 1560.
(pdftex.def)             Requested size: 269.50621pt x 201.75325pt.

Underfull \hbox (badness 10000) in paragraph at lines 1562--1566

 []

[50 <./images/bode42_2.png>]
<./images/bode42_3.png, id=241, 538.01pt x 403.5075pt>
File: ./images/bode42_3.png Graphic file (type png)
<use ./images/bode42_3.png>
Package pdftex.def Info: ./images/bode42_3.png  used on input line 1574.
(pdftex.def)             Requested size: 269.00433pt x 201.75325pt.
<./images/bode42_4.png, id=242, 544.0325pt x 399.4925pt>
File: ./images/bode42_4.png Graphic file (type png)
<use ./images/bode42_4.png>
Package pdftex.def Info: ./images/bode42_4.png  used on input line 1584.
(pdftex.def)             Requested size: 272.01558pt x 199.74576pt.

Underfull \hbox (badness 10000) in paragraph at lines 1576--1586

 []


Underfull \hbox (badness 10000) in paragraph at lines 1576--1586

 []

[51 <./images/bode42_3.png> <./images/bode42_4.png>]
<./images/bode42_5.png, id=248, 629.35126pt x 473.77pt>
File: ./images/bode42_5.png Graphic file (type png)
<use ./images/bode42_5.png>
Package pdftex.def Info: ./images/bode42_5.png  used on input line 1590.
(pdftex.def)             Requested size: 377.61366pt x 284.26419pt.
 [52 <./images/bode42_5.png>]
Underfull \hbox (badness 10000) in paragraph at lines 1597--1602

 []


Underfull \hbox (badness 10000) in paragraph at lines 1597--1602

 []


Underfull \hbox (badness 10000) in paragraph at lines 1597--1602

 []

<./images/bode43_1.png, id=253, 544.0325pt x 402.50375pt>
File: ./images/bode43_1.png Graphic file (type png)
<use ./images/bode43_1.png>
Package pdftex.def Info: ./images/bode43_1.png  used on input line 1608.
(pdftex.def)             Requested size: 272.01558pt x 201.25137pt.
[53 <./images/bode43_1.png>]
<./images/bode43_2.png, id=258, 539.01375pt x 404.51125pt>
File: ./images/bode43_2.png Graphic file (type png)
<use ./images/bode43_2.png>
Package pdftex.def Info: ./images/bode43_2.png  used on input line 1618.
(pdftex.def)             Requested size: 269.50621pt x 202.25513pt.
 [54 <./images/bode43_2.png>]
<./images/bode43_4.png, id=264, 527.9725pt x 394.47375pt>
File: ./images/bode43_4.png Graphic file (type png)
<use ./images/bode43_4.png>
Package pdftex.def Info: ./images/bode43_4.png  used on input line 1628.
(pdftex.def)             Requested size: 263.9856pt x 197.23639pt.
<./images/bode43_5.png, id=265, 529.98pt x 402.50375pt>
File: ./images/bode43_5.png Graphic file (type png)
<use ./images/bode43_5.png>
Package pdftex.def Info: ./images/bode43_5.png  used on input line 1635.
(pdftex.def)             Requested size: 264.98933pt x 201.25137pt.
 [55 <./images/bode43_4.png> <./images/bode43_5.png>]
<./images/bode43tot.png, id=271, 529.98pt x 402.50375pt>
File: ./images/bode43tot.png Graphic file (type png)
<use ./images/bode43tot.png>
Package pdftex.def Info: ./images/bode43tot.png  used on input line 1643.
(pdftex.def)             Requested size: 317.99043pt x 241.5041pt.

Underfull \hbox (badness 10000) in paragraph at lines 1639--1645

 []

[56 <./images/bode43tot.png>]
Underfull \hbox (badness 10000) in paragraph at lines 1649--1653

 []


Underfull \hbox (badness 10000) in paragraph at lines 1655--1657

 []

<./images/bode44_1.png, id=276, 525.965pt x 400.49625pt>
File: ./images/bode44_1.png Graphic file (type png)
<use ./images/bode44_1.png>
Package pdftex.def Info: ./images/bode44_1.png  used on input line 1663.
(pdftex.def)             Requested size: 262.98184pt x 200.24763pt.
[57 <./images/bode44_1.png>]
<./images/bode44_2.png, id=281, 512.91624pt x 395.4775pt>
File: ./images/bode44_2.png Graphic file (type png)
<use ./images/bode44_2.png>
Package pdftex.def Info: ./images/bode44_2.png  used on input line 1676.
(pdftex.def)             Requested size: 256.45749pt x 197.73827pt.
 [58 <./images/bode44_2.png>]
<./images/bode44_3.png, id=286, 522.95375pt x 399.4925pt>
File: ./images/bode44_3.png Graphic file (type png)
<use ./images/bode44_3.png>
Package pdftex.def Info: ./images/bode44_3.png  used on input line 1697.
(pdftex.def)             Requested size: 261.47623pt x 199.74576pt.
 [59 <./images/bode44_3.png>]
<./images/bode44tot.png, id=291, 524.96124pt x 397.485pt>
File: ./images/bode44tot.png Graphic file (type png)
<use ./images/bode44tot.png>
Package pdftex.def Info: ./images/bode44tot.png  used on input line 1704.
(pdftex.def)             Requested size: 314.97917pt x 238.49283pt.
 [60 <./images/bode44tot.png>]
Underfull \hbox (badness 10000) in paragraph at lines 1711--1715

 []


Underfull \hbox (badness 10000) in paragraph at lines 1717--1719

 []

<./images/bode45_1.png, id=297, 513.92pt x 399.4925pt>
File: ./images/bode45_1.png Graphic file (type png)
<use ./images/bode45_1.png>
Package pdftex.def Info: ./images/bode45_1.png  used on input line 1725.
(pdftex.def)             Requested size: 256.95937pt x 199.74576pt.
<./images/bode45_2.png, id=298, 525.965pt x 400.49625pt>
File: ./images/bode45_2.png Graphic file (type png)
<use ./images/bode45_2.png>
Package pdftex.def Info: ./images/bode45_2.png  used on input line 1732.
(pdftex.def)             Requested size: 262.98184pt x 200.24763pt.

LaTeX Warning: `!h' float specifier changed to `!ht'.

[61 <./images/bode45_1.png>]
<./images/bode45_3.png, id=303, 505.89pt x 395.4775pt>
File: ./images/bode45_3.png Graphic file (type png)
<use ./images/bode45_3.png>
Package pdftex.def Info: ./images/bode45_3.png  used on input line 1744.
(pdftex.def)             Requested size: 252.94437pt x 197.73827pt.
 [62 <./images/bode45_2.png> <./images/bode45_3.png>]
<./images/bode45_4.png, id=309, 504.88625pt x 396.48125pt>
File: ./images/bode45_4.png Graphic file (type png)
<use ./images/bode45_4.png>
Package pdftex.def Info: ./images/bode45_4.png  used on input line 1765.
(pdftex.def)             Requested size: 252.44249pt x 198.24013pt.
 [63 <./images/bode45_4.png>]
<./images/bode45tot.png, id=314, 513.92pt x 403.5075pt>
File: ./images/bode45tot.png Graphic file (type png)
<use ./images/bode45tot.png>
Package pdftex.def Info: ./images/bode45tot.png  used on input line 1772.
(pdftex.def)             Requested size: 308.35437pt x 242.10637pt.
 [64 <./images/bode45tot.png>]
Underfull \hbox (badness 10000) in paragraph at lines 1778--1782

 []


Underfull \hbox (badness 10000) in paragraph at lines 1784--1786

 []

<./images/bode46_1.png, id=319, 513.92pt x 400.49625pt>
File: ./images/bode46_1.png Graphic file (type png)
<use ./images/bode46_1.png>
Package pdftex.def Info: ./images/bode46_1.png  used on input line 1792.
(pdftex.def)             Requested size: 256.95937pt x 200.24763pt.
<./images/bode46_2.png, id=320, 511.9125pt x 399.4925pt>
File: ./images/bode46_2.png Graphic file (type png)
<use ./images/bode46_2.png>
Package pdftex.def Info: ./images/bode46_2.png  used on input line 1798.
(pdftex.def)             Requested size: 255.95563pt x 199.74576pt.

LaTeX Warning: `!h' float specifier changed to `!ht'.

[65 <./images/bode46_1.png>]
<./images/bode46_3.png, id=325, 516.93124pt x 395.4775pt>
File: ./images/bode46_3.png Graphic file (type png)
<use ./images/bode46_3.png>
Package pdftex.def Info: ./images/bode46_3.png  used on input line 1811.
(pdftex.def)             Requested size: 258.46498pt x 197.73827pt.
 [66 <./images/bode46_2.png> <./images/bode46_3.png>]
<./images/bode46_4.png, id=332, 498.86375pt x 399.4925pt>
File: ./images/bode46_4.png Graphic file (type png)
<use ./images/bode46_4.png>
Package pdftex.def Info: ./images/bode46_4.png  used on input line 1821.
(pdftex.def)             Requested size: 249.43126pt x 199.74576pt.
 [67 <./images/bode46_4.png>]
<./images/bode46_5.png, id=337, 504.88625pt x 391.4625pt>
File: ./images/bode46_5.png Graphic file (type png)
<use ./images/bode46_5.png>
Package pdftex.def Info: ./images/bode46_5.png  used on input line 1833.
(pdftex.def)             Requested size: 252.44249pt x 195.73076pt.
<./images/bode46tot.png, id=338, 670.505pt x 501.875pt>
File: ./images/bode46tot.png Graphic file (type png)
<use ./images/bode46tot.png>
Package pdftex.def Info: ./images/bode46tot.png  used on input line 1840.
(pdftex.def)             Requested size: 402.3061pt x 301.12732pt.

Underfull \hbox (badness 10000) in paragraph at lines 1836--1842

 []

[68 <./images/bode46_5.png> <./images/bode46tot.png>]
<./images/fourier51.png, id=344, 888.31876pt x 183.68625pt>
File: ./images/fourier51.png Graphic file (type png)
<use ./images/fourier51.png>
Package pdftex.def Info: ./images/fourier51.png  used on input line 1847.
(pdftex.def)             Requested size: 355.32121pt x 73.47318pt.
<./images/fourier52.png, id=345, 823.075pt x 204.765pt>
File: ./images/fourier52.png Graphic file (type png)
<use ./images/fourier52.png>
Package pdftex.def Info: ./images/fourier52.png  used on input line 1861.
(pdftex.def)             Requested size: 493.8488pt x 122.85992pt.

Overfull \hbox (10.15193pt too wide) in paragraph at lines 1861--1862
 [][] 
 []

<./images/fourier53.png, id=346, 765.86125pt x 284.06125pt>
File: ./images/fourier53.png Graphic file (type png)
<use ./images/fourier53.png>
Package pdftex.def Info: ./images/fourier53.png  used on input line 1866.
(pdftex.def)             Requested size: 306.33907pt x 113.62247pt.
<./images/fourier54.png, id=347, 726.715pt x 280.04625pt>
File: ./images/fourier54.png Graphic file (type png)
<use ./images/fourier54.png>
Package pdftex.def Info: ./images/fourier54.png  used on input line 1871.
(pdftex.def)             Requested size: 290.68085pt x 112.0165pt.
<./images/fourier55.png, id=348, 644.4075pt x 278.03876pt>
File: ./images/fourier55.png Graphic file (type png)
<use ./images/fourier55.png>
Package pdftex.def Info: ./images/fourier55.png  used on input line 1876.
(pdftex.def)             Requested size: 257.75844pt x 111.21352pt.
<./images/fourier56.png, id=349, 513.92pt x 240.9pt>
File: ./images/fourier56.png Graphic file (type png)
<use ./images/fourier56.png>
Package pdftex.def Info: ./images/fourier56.png  used on input line 1881.
(pdftex.def)             Requested size: 205.56435pt x 96.35828pt.

Underfull \hbox (badness 10000) in paragraph at lines 1844--1884

 []


Overfull \hbox (1.85123pt too wide) in paragraph at lines 1844--1884
\T1/cmr/m/n/12 ----------------------------------------------------------------
------------------------------------------------------------
 []


Underfull \hbox (badness 10000) in paragraph at lines 1844--1884

 []


Underfull \hbox (badness 10000) in paragraph at lines 1844--1884

 []


Underfull \hbox (badness 10000) in paragraph at lines 1844--1884

 []


Underfull \hbox (badness 10000) in paragraph at lines 1844--1884

 []


Underfull \hbox (badness 10000) in paragraph at lines 1844--1884

 []


Underfull \hbox (badness 10000) in paragraph at lines 1844--1884

 []


Underfull \hbox (badness 10000) in paragraph at lines 1844--1884

 []

[69 <./images/fourier51.png> <./images/fourier52.png>] [70 <./images/fourier53.
png> <./images/fourier54.png> <./images/fourier55.png>]
<./images/fourier57.png, id=361, 512.91624pt x 239.89626pt>
File: ./images/fourier57.png Graphic file (type png)
<use ./images/fourier57.png>
Package pdftex.def Info: ./images/fourier57.png  used on input line 1890.
(pdftex.def)             Requested size: 205.16286pt x 95.95679pt.
<./images/fourier58.png, id=362, 389.455pt x 266.9975pt>
File: ./images/fourier58.png Graphic file (type png)
<use ./images/fourier58.png>
Package pdftex.def Info: ./images/fourier58.png  used on input line 1895.
(pdftex.def)             Requested size: 155.77924pt x 106.79709pt.

Underfull \hbox (badness 10000) in paragraph at lines 1886--1898

 []


LaTeX Warning: `!h' float specifier changed to `!ht'.

[71 <./images/fourier56.png> <./images/fourier57.png>] [72 <./images/fourier58.
png>]
<./images/fourier21.png, id=373, 882.29625pt x 195.73125pt>
File: ./images/fourier21.png Graphic file (type png)
<use ./images/fourier21.png>
Package pdftex.def Info: ./images/fourier21.png  used on input line 1910.
(pdftex.def)             Requested size: 352.91225pt x 78.2911pt.
<./images/fourier22.png, id=374, 788.9475pt x 239.89626pt>
File: ./images/fourier22.png Graphic file (type png)
<use ./images/fourier22.png>
Package pdftex.def Info: ./images/fourier22.png  used on input line 1924.
(pdftex.def)             Requested size: 315.5734pt x 95.95679pt.

Underfull \hbox (badness 10000) in paragraph at lines 1907--1927

 []


Overfull \hbox (1.85123pt too wide) in paragraph at lines 1907--1927
\T1/cmr/m/n/12 ----------------------------------------------------------------
------------------------------------------------------------
 []


Underfull \hbox (badness 10000) in paragraph at lines 1907--1927

 []


Underfull \hbox (badness 10000) in paragraph at lines 1907--1927

 []

[73 <./images/fourier21.png> <./images/fourier22.png>]
<./images/fourier23.png, id=380, 580.1675pt x 268.00125pt>
File: ./images/fourier23.png Graphic file (type png)
<use ./images/fourier23.png>
Package pdftex.def Info: ./images/fourier23.png  used on input line 1930.
(pdftex.def)             Requested size: 232.06288pt x 107.1986pt.
<./images/fourier24.png, id=381, 582.175pt x 275.0275pt>
File: ./images/fourier24.png Graphic file (type png)
<use ./images/fourier24.png>
Package pdftex.def Info: ./images/fourier24.png  used on input line 1935.
(pdftex.def)             Requested size: 232.86588pt x 110.00905pt.
<./images/fourier25.png, id=382, 591.20876pt x 238.8925pt>
File: ./images/fourier25.png Graphic file (type png)
<use ./images/fourier25.png>
Package pdftex.def Info: ./images/fourier25.png  used on input line 1940.
(pdftex.def)             Requested size: 236.47931pt x 95.5553pt.
<./images/fourier26.png, id=383, 772.8875pt x 270.00874pt>
File: ./images/fourier26.png Graphic file (type png)
<use ./images/fourier26.png>
Package pdftex.def Info: ./images/fourier26.png  used on input line 1945.
(pdftex.def)             Requested size: 309.14952pt x 108.00157pt.
<./images/fourier27.png, id=384, 809.0225pt x 270.00874pt>
File: ./images/fourier27.png Graphic file (type png)
<use ./images/fourier27.png>
Package pdftex.def Info: ./images/fourier27.png  used on input line 1950.
(pdftex.def)             Requested size: 323.60327pt x 108.00157pt.

Overfull \hbox (4.00484pt too wide) in paragraph at lines 1932--1953
\T1/cmr/m/n/12 Questa con-clu-sione viene con-fer-mata dal grafico del seg-nale
 risul-tante, in cui no-ti-amo un'evidente
 []


Underfull \hbox (badness 10000) in paragraph at lines 1932--1953

 []


Underfull \hbox (badness 10000) in paragraph at lines 1932--1953

 []


Underfull \hbox (badness 10000) in paragraph at lines 1932--1953

 []


Underfull \hbox (badness 10000) in paragraph at lines 1932--1953

 []


LaTeX Warning: `!h' float specifier changed to `!ht'.

[74 <./images/fourier23.png> <./images/fourier24.png> <./images/fourier25.png>]
[75 <./images/fourier26.png> <./images/fourier27.png>]
<./images/fourier31.png, id=396, 648.4225pt x 155.58125pt>
File: ./images/fourier31.png Graphic file (type png)
<use ./images/fourier31.png>
Package pdftex.def Info: ./images/fourier31.png  used on input line 1960.
(pdftex.def)             Requested size: 324.21045pt x 77.79042pt.
<./images/fourier32.png, id=397, 867.24pt x 223.83624pt>
File: ./images/fourier32.png Graphic file (type png)
<use ./images/fourier32.png>
Package pdftex.def Info: ./images/fourier32.png  used on input line 1986.
(pdftex.def)             Requested size: 433.61894pt x 111.91785pt.
<./images/fourier33.png, id=398, 618.31pt x 246.9225pt>
File: ./images/fourier33.png Graphic file (type png)
<use ./images/fourier33.png>
Package pdftex.def Info: ./images/fourier33.png  used on input line 1991.
(pdftex.def)             Requested size: 309.15424pt x 123.46094pt.
<./images/fourier34.png, id=399, 544.0325pt x 391.4625pt>
File: ./images/fourier34.png Graphic file (type png)
<use ./images/fourier34.png>
Package pdftex.def Info: ./images/fourier34.png  used on input line 1996.
(pdftex.def)             Requested size: 217.60915pt x 156.58221pt.
<./images/fourier35.png, id=400, 720.6925pt x 338.26375pt>
File: ./images/fourier35.png Graphic file (type png)
<use ./images/fourier35.png>
Package pdftex.def Info: ./images/fourier35.png  used on input line 2000.
(pdftex.def)             Requested size: 216.20941pt x 101.4799pt.
<./images/fourier36.png, id=401, 765.86125pt x 242.9075pt>
File: ./images/fourier36.png Graphic file (type png)
<use ./images/fourier36.png>
Package pdftex.def Info: ./images/fourier36.png  used on input line 2005.
(pdftex.def)             Requested size: 306.33907pt x 97.16127pt.

Underfull \hbox (badness 10000) in paragraph at lines 1975--2007

 []


Overfull \hbox (1.85123pt too wide) in paragraph at lines 1975--2007
\T1/cmr/m/n/12 ----------------------------------------------------------------
------------------------------------------------------------
 []


Underfull \hbox (badness 10000) in paragraph at lines 1975--2007

 []


Underfull \hbox (badness 10000) in paragraph at lines 1975--2007

 []


Underfull \hbox (badness 10000) in paragraph at lines 1975--2007

 []


LaTeX Warning: `!h' float specifier changed to `!ht'.

[76 <./images/fourier31.png> <./images/fourier32.png>]

LaTeX Warning: `!h' float specifier changed to `!ht'.

[77 <./images/fourier33.png> <./images/fourier34.png> <./images/fourier35.png>]
<./images/fourier37.png, id=413, 785.93625pt x 409.53pt>
File: ./images/fourier37.png Graphic file (type png)
<use ./images/fourier37.png>
Package pdftex.def Info: ./images/fourier37.png  used on input line 2011.
(pdftex.def)             Requested size: 314.36893pt x 163.80908pt.
<./images/fourier38.png, id=414, 488.82625pt x 304.13625pt>
File: ./images/fourier38.png Graphic file (type png)
<use ./images/fourier38.png>
Package pdftex.def Info: ./images/fourier38.png  used on input line 2015.
(pdftex.def)             Requested size: 195.52702pt x 121.65233pt.
[78 <./images/fourier36.png> <./images/fourier37.png> <./images/fourier38.png>]
<./images/fourier54_1.png, id=422, 566.115pt x 178.6675pt>
File: ./images/fourier54_1.png Graphic file (type png)
<use ./images/fourier54_1.png>
Package pdftex.def Info: ./images/fourier54_1.png  used on input line 2021.
(pdftex.def)             Requested size: 283.05681pt x 89.33353pt.
<./images/fourier54_2.png, id=423, 869.2475pt x 229.85875pt>
File: ./images/fourier54_2.png Graphic file (type png)
<use ./images/fourier54_2.png>
Package pdftex.def Info: ./images/fourier54_2.png  used on input line 2036.
(pdftex.def)             Requested size: 434.62268pt x 114.92908pt.
<./images/fourier54_3.png, id=424, 578.16pt x 200.75pt>
File: ./images/fourier54_3.png Graphic file (type png)
<use ./images/fourier54_3.png>
Package pdftex.def Info: ./images/fourier54_3.png  used on input line 2041.
(pdftex.def)             Requested size: 289.07928pt x 100.37474pt.
<./images/fourier54_4.png, id=425, 590.205pt x 202.7575pt>
File: ./images/fourier54_4.png Graphic file (type png)
<use ./images/fourier54_4.png>
Package pdftex.def Info: ./images/fourier54_4.png  used on input line 2046.
(pdftex.def)             Requested size: 295.10178pt x 101.3785pt.
<./images/fourier54_5.png, id=426, 390.45876pt x 193.72375pt>
File: ./images/fourier54_5.png Graphic file (type png)
<use ./images/fourier54_5.png>
Package pdftex.def Info: ./images/fourier54_5.png  used on input line 2051.
(pdftex.def)             Requested size: 195.2289pt x 96.86163pt.
<./images/fourier54_6.png, id=427, 639.38875pt x 228.855pt>
File: ./images/fourier54_6.png Graphic file (type png)
<use ./images/fourier54_6.png>
Package pdftex.def Info: ./images/fourier54_6.png  used on input line 2056.
(pdftex.def)             Requested size: 255.75096pt x 91.54037pt.
<./images/fourier54_7.png, id=428, 510.90875pt x 263.98625pt>
File: ./images/fourier54_7.png Graphic file (type png)
<use ./images/fourier54_7.png>
Package pdftex.def Info: ./images/fourier54_7.png  used on input line 2061.
(pdftex.def)             Requested size: 204.35988pt x 105.59262pt.
<./images/fourier54_8.png, id=429, 382.42876pt x 243.91125pt>
File: ./images/fourier54_8.png Graphic file (type png)
<use ./images/fourier54_8.png>
Package pdftex.def Info: ./images/fourier54_8.png  used on input line 2066.
(pdftex.def)             Requested size: 152.96878pt x 97.56276pt.

Overfull \hbox (1.85123pt too wide) in paragraph at lines 2018--2069
\T1/cmr/m/n/12 ----------------------------------------------------------------
------------------------------------------------------------
 []


Underfull \hbox (badness 10000) in paragraph at lines 2018--2069

 []


Underfull \hbox (badness 10000) in paragraph at lines 2018--2069

 []


Underfull \hbox (badness 10000) in paragraph at lines 2018--2069

 []


Underfull \hbox (badness 10000) in paragraph at lines 2018--2069

 []


Underfull \hbox (badness 10000) in paragraph at lines 2018--2069

 []


LaTeX Warning: `!h' float specifier changed to `!ht'.

[79 <./images/fourier54_1.png> <./images/fourier54_2.png>] [80 <./images/fourie
r54_3.png> <./images/fourier54_4.png> <./images/fourier54_5.png> <./images/four
ier54_6.png>] [81 <./images/fourier54_7.png> <./images/fourier54_8.png>]
<./images/fourier55_1.png, id=447, 766.865pt x 167.62625pt>
File: ./images/fourier55_1.png Graphic file (type png)
<use ./images/fourier55_1.png>
Package pdftex.def Info: ./images/fourier55_1.png  used on input line 2080.
(pdftex.def)             Requested size: 306.74057pt x 67.0493pt.
<./images/fourier55_2.png, id=448, 844.15375pt x 224.84pt>
File: ./images/fourier55_2.png Graphic file (type png)
<use ./images/fourier55_2.png>
Package pdftex.def Info: ./images/fourier55_2.png  used on input line 2094.
(pdftex.def)             Requested size: 337.65552pt x 89.9344pt.
<./images/fourier55_3.png, id=449, 670.505pt x 341.275pt>
File: ./images/fourier55_3.png Graphic file (type png)
<use ./images/fourier55_3.png>
Package pdftex.def Info: ./images/fourier55_3.png  used on input line 2099.
(pdftex.def)             Requested size: 268.19725pt x 136.50757pt.
<./images/fourier55_4.png, id=450, 683.55376pt x 345.29pt>
File: ./images/fourier55_4.png Graphic file (type png)
<use ./images/fourier55_4.png>
Package pdftex.def Info: ./images/fourier55_4.png  used on input line 2104.
(pdftex.def)             Requested size: 273.41666pt x 138.11354pt.
<./images/fourier55_5.png, id=451, 488.82625pt x 345.29pt>
File: ./images/fourier55_5.png Graphic file (type png)
<use ./images/fourier55_5.png>
Package pdftex.def Info: ./images/fourier55_5.png  used on input line 2109.
(pdftex.def)             Requested size: 195.52702pt x 138.11354pt.
<./images/fourier55_6.png, id=452, 677.53125pt x 364.36125pt>
File: ./images/fourier55_6.png Graphic file (type png)
<use ./images/fourier55_6.png>
Package pdftex.def Info: ./images/fourier55_6.png  used on input line 2114.
(pdftex.def)             Requested size: 203.26094pt x 109.3092pt.
<./images/fourier55_7.png, id=453, 575.14874pt x 343.2825pt>
File: ./images/fourier55_7.png Graphic file (type png)
<use ./images/fourier55_7.png>
Package pdftex.def Info: ./images/fourier55_7.png  used on input line 2120.
(pdftex.def)             Requested size: 230.05542pt x 137.31056pt.
<./images/fourier55_8.png, id=454, 307.1475pt x 347.2975pt>
File: ./images/fourier55_8.png Graphic file (type png)
<use ./images/fourier55_8.png>
Package pdftex.def Info: ./images/fourier55_8.png  used on input line 2125.
(pdftex.def)             Requested size: 122.85681pt x 138.91653pt.

Overfull \hbox (1.85123pt too wide) in paragraph at lines 2077--2129
\T1/cmr/m/n/12 ----------------------------------------------------------------
------------------------------------------------------------
 []


Underfull \hbox (badness 10000) in paragraph at lines 2077--2129

 []


Underfull \hbox (badness 10000) in paragraph at lines 2077--2129

 []


Underfull \hbox (badness 10000) in paragraph at lines 2077--2129

 []


Underfull \hbox (badness 10000) in paragraph at lines 2077--2129

 []


Underfull \hbox (badness 10000) in paragraph at lines 2077--2129

 []


Underfull \hbox (badness 10000) in paragraph at lines 2077--2129

 []


Underfull \hbox (badness 10000) in paragraph at lines 2077--2129

 []


Underfull \hbox (badness 10000) in paragraph at lines 2077--2129

 []


Underfull \hbox (badness 10000) in paragraph at lines 2077--2129

 []


Underfull \hbox (badness 10000) in paragraph at lines 2077--2129

 []


LaTeX Warning: `!h' float specifier changed to `!ht'.

[82 <./images/fourier55_1.png> <./images/fourier55_2.png>] [83 <./images/fourie
r55_3.png> <./images/fourier55_4.png> <./images/fourier55_5.png>] [84 <./images
/fourier55_6.png> <./images/fourier55_7.png> <./images/fourier55_8.png>]
(./EsercitazioniSistemi.aux) ) 
Here is how much of TeX's memory you used:
 13396 strings out of 494880
 239727 string characters out of 6179601
 280769 words of memory out of 5000000
 16502 multiletter control sequences out of 15000+600000
 543026 words of font info for 51 fonts, out of 8000000 for 9000
 36 hyphenation exceptions out of 8191
 41i,11n,35p,10371b,317s stack positions out of 5000i,500n,10000p,200000b,80000s
 </home/magda/.texlive2017/texmf-var/fonts/pk/ljf
our/jknappen/ec/ecti1200.600pk> </home/magda/.texlive2017/texmf-var/fonts/pk/lj
four/jknappen/ec/ecrm1200.600pk> </home/magda/.texlive2017/texmf-var/fonts/pk/l
jfour/jknappen/ec/ecbx1200.600pk> </home/magda/.texlive2017/texmf-var/fonts/pk/
ljfour/jknappen/ec/ecbx1728.600pk> </home/magda/.texlive2017/texmf-var/fonts/pk
/ljfour/jknappen/ec/ecrm1440.600pk> </home/magda/.texlive2017/texmf-var/fonts/p
k/ljfour/jknappen/ec/ecrm1728.600pk> </home/magda/.texlive2017/texmf-var/fonts/
pk/ljfour/jknappen/ec/eccc1728.600pk> </home/magda/.texlive2017/texmf-var/fonts
/pk/ljfour/jknappen/ec/ecbx2488.600pk> </home/magda/.texlive2017/texmf-var/font
s/pk/ljfour/jknappen/ec/eccc2074.600pk></usr/share/texlive/texmf-dist/fonts/typ
e1/public/amsfonts/cm/cmex10.pfb></usr/share/texlive/texmf-dist/fonts/type1/pub
lic/amsfonts/cm/cmmi12.pfb></usr/share/texlive/texmf-dist/fonts/type1/public/am
sfonts/cm/cmmi6.pfb></usr/share/texlive/texmf-dist/fonts/type1/public/amsfonts/
cm/cmmi8.pfb></usr/share/texlive/texmf-dist/fonts/type1/public/amsfonts/cm/cmr1
2.pfb></usr/share/texlive/texmf-dist/fonts/type1/public/amsfonts/cm/cmr6.pfb></
usr/share/texlive/texmf-dist/fonts/type1/public/amsfonts/cm/cmr8.pfb></usr/shar
e/texlive/texmf-dist/fonts/type1/public/amsfonts/cm/cmsy10.pfb></usr/share/texl
ive/texmf-dist/fonts/type1/public/amsfonts/cm/cmsy6.pfb></usr/share/texlive/tex
mf-dist/fonts/type1/public/amsfonts/cm/cmsy8.pfb></usr/share/texlive/texmf-dist
/fonts/type1/public/amsfonts/symbols/msbm10.pfb>
Output written on EsercitazioniSistemi.pdf (85 pages, 1431055 bytes).
PDF statistics:
 796 PDF objects out of 1000 (max. 8388607)
 260 compressed objects within 3 object streams
 0 named destinations out of 1000 (max. 500000)
 451 words of extra memory for PDF output out of 10000 (max. 10000000)

